Determining if the pthread_create exist failed with the following output:
Change Dir: /home/ubuntu/p/compv/robot-os/arduino/ros_arduino-indigo-devel/ros_arduino_base/CMakeFiles/CMakeTmp

Run Build Command:/usr/bin/make "cmTryCompileExec3102363034/fast"
/usr/bin/make -f CMakeFiles/cmTryCompileExec3102363034.dir/build.make CMakeFiles/cmTryCompileExec3102363034.dir/build
make[1]: Entering directory `/home/ubuntu/p/compv/robot-os/arduino/ros_arduino-indigo-devel/ros_arduino_base/CMakeFiles/CMakeTmp'
/usr/bin/cmake -E cmake_progress_report /home/ubuntu/p/compv/robot-os/arduino/ros_arduino-indigo-devel/ros_arduino_base/CMakeFiles/CMakeTmp/CMakeFiles 1
Building C object CMakeFiles/cmTryCompileExec3102363034.dir/CheckSymbolExists.c.o
/usr/bin/cc    -o CMakeFiles/cmTryCompileExec3102363034.dir/CheckSymbolExists.c.o   -c /home/ubuntu/p/compv/robot-os/arduino/ros_arduino-indigo-devel/ros_arduino_base/CMakeFiles/CMakeTmp/CheckSymbolExists.c
Linking C executable cmTryCompileExec3102363034
/usr/bin/cmake -E cmake_link_script CMakeFiles/cmTryCompileExec3102363034.dir/link.txt --verbose=1
/usr/bin/cc       CMakeFiles/cmTryCompileExec3102363034.dir/CheckSymbolExists.c.o  -o cmTryCompileExec3102363034 -rdynamic 
CMakeFiles/cmTryCompileExec3102363034.dir/CheckSymbolExists.c.o: In function `main':
CheckSymbolExists.c:(.text+0xe): undefined reference to `pthread_create'
CheckSymbolExists.c:(.text+0x12): undefined reference to `pthread_create'
collect2: error: ld returned 1 exit status
make[1]: Leaving directory `/home/ubuntu/p/compv/robot-os/arduino/ros_arduino-indigo-devel/ros_arduino_base/CMakeFiles/CMakeTmp'
make[1]: *** [cmTryCompileExec3102363034] Error 1
make: *** [cmTryCompileExec3102363034/fast] Error 2

File /home/ubuntu/p/compv/robot-os/arduino/ros_arduino-indigo-devel/ros_arduino_base/CMakeFiles/CMakeTmp/CheckSymbolExists.c:
/* */
#include <pthread.h>

int main(int argc, char** argv)
{
  (void)argv;
#ifndef pthread_create
  return ((int*)(&pthread_create))[argc];
#else
  (void)argc;
  return 0;
#endif
}

Determining if the function pthread_create exists in the pthreads failed with the following output:
Change Dir: /home/ubuntu/p/compv/robot-os/arduino/ros_arduino-indigo-devel/ros_arduino_base/CMakeFiles/CMakeTmp

Run Build Command:/usr/bin/make "cmTryCompileExec3146043075/fast"
/usr/bin/make -f CMakeFiles/cmTryCompileExec3146043075.dir/build.make CMakeFiles/cmTryCompileExec3146043075.dir/build
make[1]: Entering directory `/home/ubuntu/p/compv/robot-os/arduino/ros_arduino-indigo-devel/ros_arduino_base/CMakeFiles/CMakeTmp'
/usr/bin/cmake -E cmake_progress_report /home/ubuntu/p/compv/robot-os/arduino/ros_arduino-indigo-devel/ros_arduino_base/CMakeFiles/CMakeTmp/CMakeFiles 1
Building C object CMakeFiles/cmTryCompileExec3146043075.dir/CheckFunctionExists.c.o
/usr/bin/cc   -DCHECK_FUNCTION_EXISTS=pthread_create   -o CMakeFiles/cmTryCompileExec3146043075.dir/CheckFunctionExists.c.o   -c /usr/share/cmake-2.8/Modules/CheckFunctionExists.c
Linking C executable cmTryCompileExec3146043075
/usr/bin/cmake -E cmake_link_script CMakeFiles/cmTryCompileExec3146043075.dir/link.txt --verbose=1
/usr/bin/cc   -DCHECK_FUNCTION_EXISTS=pthread_create    CMakeFiles/cmTryCompileExec3146043075.dir/CheckFunctionExists.c.o  -o cmTryCompileExec3146043075 -rdynamic -lpthreads 
/usr/bin/ld: cannot find -lpthreads
collect2: error: ld returned 1 exit status
make[1]: Leaving directory `/home/ubuntu/p/compv/robot-os/arduino/ros_arduino-indigo-devel/ros_arduino_base/CMakeFiles/CMakeTmp'
make[1]: *** [cmTryCompileExec3146043075] Error 1
make: *** [cmTryCompileExec3146043075/fast] Error 2


